~/phd/perceptual
federico@amadeus - 13:03:06$ poetry run python -m perceptual.excerpt_search

[   INFO   ] MusicExtractorSVM: no classifier models were configured by default



Opening /home/federico/phd/asmd/asmd/definitions/PHENICX.json
Opening /home/federico/phd/asmd/asmd/definitions/Bach10.json
Opening /home/federico/phd/asmd/asmd/definitions/traditional_flute.json
Opening /home/federico/phd/asmd/asmd/definitions/SMD.json
Opening /home/federico/phd/asmd/asmd/definitions/MusicNet.json
Opening /home/federico/phd/asmd/asmd/definitions/vienna_corpus.json
Opening /home/federico/phd/asmd/asmd/definitions/Maestro.json
Opening /home/federico/phd/asmd/asmd/definitions/TRIOS_dataset.json

Analysing:

100%|█████████████████████████████████████████████████████████████████████| 88/88 [00:22<00:00,  3.89it/s]

Chosen songs:

Question 1:
Song ['vienna_corpus/Chopin_op10_no3_p11.wav'], seconds 65.00 - 85.00     ...... 67.50 - 87.50
Song ['vienna_corpus/Chopin_op10_no3_p15.wav'], seconds 0.00 - 20.00     ...... 3.69 - 23.68
Song ['vienna_corpus/Chopin_op38_p14.wav'], seconds 120.00 - 140.00     ...... 122.90 - 142.90
Song ['vienna_corpus/Mozart_K331_1st-mov_p09.wav'], seconds 65.73 - 85.73     ...... 70.45 - 90.45
Song ['vienna_corpus/Schubert_D783_no15_p13.wav'], seconds 10.20 - 30.20     ...... 12.50 - 32.50
Song ['vienna_corpus/Schubert_D783_no15_p22.wav'], seconds 0.27 - 20.27     ...... 2.00 - 22.00

Question 2:
Song ['vienna_corpus/Chopin_op10_no3_p10.wav'], seconds 50.00 - 70.00     ...... 53.01 - 73.01
Song ['vienna_corpus/Chopin_op38_p14.wav'], seconds 125.00 - 145.00     ...... 127.90 - 147.90
Song ['vienna_corpus/Chopin_op38_p13.wav'], seconds 100.00 - 120.00     ...... 103.38 - 123.38
Song ['vienna_corpus/Mozart_K331_1st-mov_p13.wav'], seconds 70.17 - 90.17     ...... 72.89 - 92.89
Song ['vienna_corpus/Schubert_D783_no15_p03.wav'], seconds 10.78 - 30.78     ...... 12.73 - 32.73
Song ['vienna_corpus/Schubert_D783_no15_p17.wav'], seconds 0.12 - 20.12     ...... 2.52 - 22.52
Total number of samples: 1172
